SF:lib\data\datasources\tv_series_local_data_source.dart
DA:17,1
DA:20,1
DA:22,3
DA:25,2
DA:30,1
DA:32,3
DA:35,2
DA:40,1
DA:41,3
DA:43,1
DA:50,1
DA:51,3
DA:52,4
LF:13
LH:13
end_of_record
SF:lib\data\models\tv_series_detail_model.dart
DA:6,2
DA:34,1
DA:35,1
DA:36,1
DA:37,1
DA:38,1
DA:39,4
DA:40,1
DA:41,1
DA:42,1
DA:43,1
DA:44,1
DA:45,2
DA:46,1
DA:47,2
DA:48,1
DA:51,0
DA:52,0
DA:53,0
DA:54,0
DA:55,0
DA:56,0
DA:57,0
DA:58,0
DA:59,0
DA:60,0
DA:61,0
DA:62,0
DA:63,0
DA:66,1
DA:67,1
DA:68,1
DA:69,1
DA:70,5
DA:71,1
DA:72,1
DA:73,1
DA:74,1
DA:75,1
DA:76,1
DA:77,1
DA:78,1
DA:79,1
DA:83,1
DA:84,1
DA:85,1
DA:86,1
DA:87,1
DA:88,1
DA:89,1
DA:90,1
DA:91,1
DA:92,1
DA:93,1
DA:94,1
DA:95,1
DA:96,1
LF:57
LH:44
end_of_record
SF:lib\data\models\tv_series_seasons_model.dart
DA:5,1
DA:19,1
DA:20,1
DA:21,1
DA:22,1
DA:23,4
DA:24,1
DA:25,1
DA:26,1
DA:29,0
DA:30,0
DA:31,0
DA:32,0
DA:33,0
DA:34,0
DA:37,0
DA:38,0
DA:39,0
DA:40,0
DA:41,0
DA:42,0
DA:43,0
DA:47,1
DA:48,1
DA:49,1
DA:50,1
DA:51,1
DA:52,1
DA:53,1
DA:59,4
DA:73,2
DA:74,1
DA:75,1
DA:76,1
DA:77,1
DA:78,1
DA:81,0
DA:82,0
DA:83,0
DA:84,0
DA:85,0
DA:86,0
DA:89,0
DA:90,0
DA:91,0
DA:92,0
DA:93,0
DA:94,0
DA:95,0
DA:98,2
DA:100,12
LF:51
LH:25
end_of_record
SF:lib\data\datasources\tv_series_remote_data_source.dart
DA:32,1
DA:35,1
DA:36,5
DA:38,2
DA:39,4
DA:41,1
DA:46,1
DA:48,5
DA:50,2
DA:51,4
DA:53,1
DA:58,1
DA:60,5
DA:62,2
DA:63,4
DA:65,1
DA:70,1
DA:71,5
DA:73,2
DA:74,3
DA:76,1
DA:81,1
DA:82,2
DA:83,3
DA:85,2
DA:86,4
DA:88,1
DA:93,1
DA:94,2
DA:95,3
DA:97,2
DA:98,4
DA:100,1
DA:105,1
DA:107,5
DA:109,2
DA:110,3
DA:112,1
LF:38
LH:38
end_of_record
SF:lib\data\datasources\db\database_helper_tv_series.dart
DA:9,0
DA:13,0
DA:14,0
DA:18,0
DA:19,0
DA:25,0
DA:26,0
DA:27,0
DA:29,0
DA:32,0
DA:33,0
DA:38,0
DA:39,0
DA:46,0
DA:49,0
DA:50,0
DA:51,0
DA:54,0
DA:55,0
DA:56,0
DA:59,0
DA:63,0
DA:64,0
DA:65,0
DA:68,0
DA:71,0
DA:72,0
DA:78,0
DA:79,0
DA:81,0
LF:30
LH:0
end_of_record
SF:lib\domain\entities\tv.dart
DA:5,6
DA:21,1
DA:42,6
DA:43,6
DA:44,6
DA:45,6
DA:46,6
DA:47,6
DA:48,6
DA:49,6
DA:50,6
DA:51,6
DA:52,6
DA:53,6
DA:54,6
DA:55,6
DA:56,6
LF:17
LH:17
end_of_record
SF:lib\domain\entities\tv_series_detail.dart
DA:5,4
DA:33,2
DA:34,2
DA:35,2
DA:36,2
DA:37,2
DA:38,2
DA:39,2
DA:40,2
DA:41,2
DA:42,2
DA:43,2
DA:44,2
DA:45,2
DA:46,2
LF:15
LH:15
end_of_record
SF:lib\presentation\widgets\tv_series_card_list.dart
DA:9,0
DA:11,0
DA:13,0
DA:15,0
DA:16,0
DA:17,0
DA:20,0
DA:23,0
DA:25,0
DA:26,0
DA:27,0
DA:33,0
DA:35,0
DA:36,0
DA:37,0
DA:40,0
DA:43,0
DA:44,0
DA:52,0
DA:57,0
DA:58,0
DA:59,0
DA:61,0
DA:64,0
LF:24
LH:0
end_of_record
SF:lib\data\models\tv_series_model.dart
DA:5,5
DA:35,4
DA:36,2
DA:37,4
DA:38,2
DA:39,2
DA:40,4
DA:41,2
DA:42,2
DA:43,8
DA:44,8
DA:45,2
DA:46,2
DA:47,2
DA:48,2
DA:51,2
DA:52,1
DA:53,1
DA:54,1
DA:55,1
DA:56,1
DA:57,1
DA:58,1
DA:59,4
DA:60,4
DA:61,1
DA:62,1
DA:63,1
DA:64,1
DA:67,2
DA:68,2
DA:69,2
DA:70,2
DA:71,2
DA:72,2
DA:73,2
DA:74,2
DA:75,2
DA:76,2
DA:77,2
DA:78,2
DA:79,2
DA:80,2
DA:81,2
DA:84,2
DA:85,2
DA:86,2
DA:87,2
DA:88,2
DA:89,2
DA:90,2
DA:91,2
DA:92,2
DA:93,2
DA:94,2
DA:95,2
DA:96,2
DA:97,2
DA:98,2
LF:59
LH:59
end_of_record
SF:lib\data\models\tv_series_response.dart
DA:7,3
DA:9,2
DA:10,2
DA:11,4
DA:12,6
DA:13,6
DA:16,2
DA:17,5
DA:20,1
DA:21,2
LF:10
LH:10
end_of_record
SF:lib\domain\entities\tv_seasons.dart
DA:6,3
DA:20,1
DA:21,1
DA:22,1
DA:23,1
DA:24,1
DA:25,1
DA:26,1
LF:8
LH:8
end_of_record
SF:lib\data\models\tv_series_table.dart
DA:10,13
DA:17,1
DA:18,1
DA:19,1
DA:20,1
DA:21,1
DA:22,1
DA:25,2
DA:26,1
DA:27,1
DA:28,1
DA:29,1
DA:32,0
DA:33,0
DA:34,0
DA:35,0
DA:36,0
DA:39,2
DA:40,1
DA:41,1
DA:42,1
DA:43,1
DA:46,2
DA:47,10
LF:24
LH:19
end_of_record
SF:lib\data\repositories\tv_series_repository_impl.dart
DA:12,1
DA:18,1
DA:20,3
DA:21,5
DA:22,1
DA:23,2
DA:24,1
DA:25,2
DA:30,1
DA:32,3
DA:33,5
DA:34,1
DA:35,2
DA:36,1
DA:37,2
DA:42,1
DA:44,3
DA:45,5
DA:46,1
DA:47,2
DA:48,1
DA:49,2
DA:54,1
DA:56,3
DA:57,2
DA:58,1
DA:59,2
DA:60,1
DA:61,2
DA:66,1
DA:68,3
DA:69,3
DA:70,1
DA:71,2
DA:72,1
DA:73,2
DA:78,1
DA:81,2
DA:82,2
DA:83,1
DA:84,1
DA:85,3
DA:92,1
DA:95,2
DA:96,2
DA:97,1
DA:98,1
DA:99,3
DA:104,1
DA:105,3
DA:110,1
DA:111,3
DA:112,5
DA:116,1
DA:118,3
DA:119,5
DA:120,1
DA:121,2
DA:122,1
DA:123,2
DA:128,0
DA:131,0
DA:132,0
DA:133,0
DA:134,0
DA:135,0
DA:136,0
LF:67
LH:60
end_of_record
SF:lib\domain\usecases\get_on_the_air_tv_series.dart
DA:9,1
DA:11,1
DA:12,2
LF:3
LH:3
end_of_record
SF:lib\domain\usecases\get_popular_tv_series.dart
DA:9,1
DA:11,1
DA:12,2
LF:3
LH:3
end_of_record
SF:lib\domain\usecases\get_top_rated_tv_series.dart
DA:9,1
DA:11,1
DA:12,2
LF:3
LH:3
end_of_record
SF:lib\domain\usecases\get_tv_series_detail.dart
DA:9,1
DA:11,1
DA:12,2
LF:3
LH:3
end_of_record
SF:lib\domain\usecases\get_tv_series_recommendations.dart
DA:9,1
DA:11,1
DA:12,2
LF:3
LH:3
end_of_record
SF:lib\domain\usecases\get_tv_series_seasons.dart
DA:8,1
DA:10,1
DA:11,2
LF:3
LH:3
end_of_record
SF:lib\presentation\bloc\detail\tv_series_detail_state.dart
DA:4,3
DA:6,1
DA:7,1
DA:17,2
DA:19,1
DA:20,2
DA:26,2
DA:28,1
DA:29,2
LF:9
LH:9
end_of_record
SF:lib\presentation\bloc\detail\tv_series_detail_event.dart
DA:4,2
DA:6,0
DA:7,0
DA:13,2
DA:15,0
DA:16,0
LF:6
LH:2
end_of_record
SF:lib\presentation\bloc\detail\tv_series_detail_bloc.dart
DA:14,3
DA:15,2
DA:16,2
DA:18,4
DA:20,1
DA:21,2
DA:22,2
DA:24,2
DA:25,1
LF:9
LH:9
end_of_record
SF:lib\presentation\bloc\on_the_air\on_the_air_tv_series_state.dart
DA:4,6
DA:6,1
DA:7,1
DA:17,3
DA:19,1
DA:20,2
DA:26,4
DA:28,1
DA:29,2
LF:9
LH:9
end_of_record
SF:lib\presentation\bloc\on_the_air\on_the_air_tv_series_event.dart
DA:4,3
DA:6,0
DA:7,0
LF:3
LH:1
end_of_record
SF:lib\presentation\bloc\on_the_air\on_the_air_tv_series_bloc.dart
DA:14,3
DA:15,2
DA:16,2
DA:18,3
DA:20,1
DA:21,4
DA:22,2
DA:23,1
LF:8
LH:8
end_of_record
SF:lib\presentation\bloc\popular\popular_tv_series_bloc.dart
DA:15,3
DA:16,2
DA:17,2
DA:19,3
DA:21,1
DA:22,4
DA:23,2
DA:24,1
LF:8
LH:8
end_of_record
SF:lib\presentation\bloc\popular\popular_tv_series_event.dart
DA:4,3
DA:6,0
DA:7,0
LF:3
LH:1
end_of_record
SF:lib\presentation\bloc\popular\popular_tv_series_state.dart
DA:4,6
DA:6,1
DA:7,1
DA:17,3
DA:19,1
DA:20,2
DA:26,4
DA:28,1
DA:29,2
LF:9
LH:9
end_of_record
SF:lib\presentation\bloc\recommendations\tv_series_recommendations_state.dart
DA:4,3
DA:6,1
DA:7,1
DA:17,2
DA:19,1
DA:20,2
DA:26,2
DA:28,1
DA:29,2
LF:9
LH:9
end_of_record
SF:lib\presentation\bloc\recommendations\tv_series_recommendations_event.dart
DA:4,2
DA:6,0
DA:7,0
DA:13,2
DA:15,0
DA:16,0
LF:6
LH:2
end_of_record
SF:lib\presentation\bloc\recommendations\tv_series_recommendations_bloc.dart
DA:14,1
DA:15,2
DA:16,2
DA:17,2
DA:19,4
DA:21,1
DA:22,4
DA:23,2
DA:24,1
LF:9
LH:9
end_of_record
SF:lib\presentation\bloc\seasons\tv_series_seasons_state.dart
DA:4,3
DA:6,1
DA:7,1
DA:17,2
DA:19,1
DA:20,2
DA:26,2
DA:28,1
DA:29,2
LF:9
LH:9
end_of_record
SF:lib\presentation\bloc\seasons\tv_series_seasons_event.dart
DA:4,2
DA:6,0
DA:7,0
DA:14,2
DA:16,0
DA:17,0
LF:6
LH:2
end_of_record
SF:lib\presentation\bloc\seasons\tv_series_seasons_bloc.dart
DA:14,1
DA:15,2
DA:16,2
DA:17,2
DA:19,5
DA:21,1
DA:22,4
DA:23,2
DA:24,1
LF:9
LH:9
end_of_record
SF:lib\presentation\bloc\top_rated\top_rated_tv_series_event.dart
DA:4,3
DA:6,0
DA:7,0
LF:3
LH:1
end_of_record
SF:lib\presentation\bloc\top_rated\top_rated_tv_series_state.dart
DA:4,6
DA:6,1
DA:7,1
DA:17,3
DA:19,1
DA:20,2
DA:26,4
DA:28,1
DA:29,2
LF:9
LH:9
end_of_record
SF:lib\presentation\bloc\top_rated\top_rated_tv_series_bloc.dart
DA:15,3
DA:16,2
DA:17,2
DA:19,3
DA:21,1
DA:22,4
DA:23,2
DA:24,1
LF:8
LH:8
end_of_record
SF:lib\presentation\pages\home_tv_page.dart
DA:17,1
DA:19,1
DA:20,1
DA:24,1
DA:26,1
DA:27,2
DA:28,1
DA:29,1
DA:30,2
DA:31,1
DA:32,1
DA:33,2
DA:34,1
DA:35,1
DA:36,2
DA:40,1
DA:42,1
DA:43,1
DA:44,1
DA:45,1
DA:53,1
DA:56,0
DA:57,0
DA:60,1
DA:63,0
DA:64,0
DA:67,1
DA:70,0
DA:71,0
DA:74,1
DA:75,0
DA:76,0
DA:84,1
DA:86,1
DA:87,1
DA:88,0
DA:89,0
DA:95,1
DA:97,1
DA:98,1
DA:100,1
DA:101,1
DA:103,0
DA:106,1
DA:107,1
DA:108,1
DA:112,1
DA:113,2
DA:118,1
DA:120,0
DA:123,1
DA:124,1
DA:125,1
DA:129,1
DA:130,2
DA:135,1
DA:137,0
DA:140,1
DA:141,1
DA:142,1
DA:146,1
DA:147,2
DA:159,1
DA:160,1
DA:162,1
DA:163,1
DA:165,1
DA:167,1
DA:169,1
DA:171,1
DA:184,2
DA:186,1
DA:188,1
DA:190,1
DA:192,0
DA:193,0
DA:194,0
DA:196,0
DA:197,0
DA:198,0
DA:201,0
DA:204,0
DA:206,0
DA:207,0
DA:208,0
DA:211,0
DA:217,2
LF:87
LH:62
end_of_record
SF:lib\presentation\pages\on_the_air_tv_series_page.dart
DA:10,1
DA:12,1
DA:13,1
DA:17,1
DA:19,1
DA:20,2
DA:21,4
DA:24,1
DA:26,1
DA:27,1
DA:30,1
DA:32,1
DA:33,1
DA:34,1
DA:38,1
DA:39,1
DA:40,0
DA:41,0
DA:42,0
DA:44,2
DA:46,1
DA:47,1
DA:49,2
DA:52,0
LF:24
LH:20
end_of_record
SF:lib\presentation\pages\popular_tv_series_page.dart
DA:10,1
DA:12,1
DA:13,1
DA:17,1
DA:19,1
DA:20,1
DA:21,5
DA:24,1
DA:26,1
DA:27,1
DA:30,1
DA:32,1
DA:33,1
DA:34,1
DA:38,1
DA:39,1
DA:40,0
DA:41,0
DA:42,0
DA:44,2
DA:46,1
DA:47,1
DA:49,2
DA:52,0
LF:24
LH:20
end_of_record
SF:lib\presentation\pages\top_rated_tv_series_page.dart
DA:10,1
DA:12,1
DA:13,1
DA:17,1
DA:19,1
DA:20,2
DA:21,4
DA:24,1
DA:26,1
DA:27,1
DA:30,1
DA:32,1
DA:33,1
DA:34,1
DA:38,1
DA:39,1
DA:40,0
DA:41,0
DA:42,0
DA:44,2
DA:46,1
DA:47,1
DA:49,2
DA:52,0
LF:24
LH:20
end_of_record
SF:lib\presentation\pages\tv_series_detail_page.dart
DA:19,1
DA:21,1
DA:22,1
DA:26,1
DA:28,1
DA:29,2
DA:30,6
DA:31,1
DA:32,1
DA:33,4
DA:34,1
DA:35,1
DA:36,4
DA:40,1
DA:42,1
DA:43,1
DA:44,1
DA:45,1
DA:49,1
DA:50,1
DA:51,1
DA:52,1
DA:54,0
DA:55,0
DA:57,0
DA:60,0
DA:71,2
DA:73,1
DA:75,3
DA:76,1
DA:77,1
DA:78,1
DA:80,3
DA:82,1
DA:85,0
DA:87,1
DA:89,1
DA:90,1
DA:91,1
DA:101,1
DA:102,1
DA:103,1
DA:105,1
DA:107,1
DA:109,1
DA:110,1
DA:111,2
DA:112,1
DA:114,1
DA:116,1
DA:117,1
DA:118,1
DA:119,1
DA:120,1
DA:122,1
DA:123,2
DA:124,1
DA:127,1
DA:128,2
DA:129,1
DA:133,1
DA:134,1
DA:135,1
DA:139,1
DA:140,1
DA:142,1
DA:143,1
DA:144,2
DA:146,0
DA:148,0
DA:149,0
DA:150,0
DA:155,1
DA:157,1
DA:158,1
DA:159,1
DA:162,0
DA:169,1
DA:170,3
DA:172,1
DA:173,1
DA:174,3
DA:176,1
DA:177,1
DA:178,3
DA:180,1
DA:181,1
DA:182,1
DA:183,3
DA:185,1
DA:191,4
DA:195,1
DA:197,1
DA:199,1
DA:200,2
DA:203,1
DA:204,2
DA:205,2
DA:206,1
DA:208,1
DA:210,1
DA:212,1
DA:213,1
DA:218,1
DA:219,0
DA:221,1
DA:222,1
DA:224,1
DA:226,0
DA:227,0
DA:228,0
DA:230,0
DA:231,0
DA:232,0
DA:235,0
DA:238,0
DA:243,0
DA:245,0
DA:246,0
DA:252,0
DA:259,2
DA:263,0
DA:271,1
DA:273,1
DA:288,1
DA:290,1
DA:293,1
DA:295,0
DA:296,0
DA:305,1
DA:307,2
DA:308,3
DA:311,1
DA:315,3
LF:134
LH:108
end_of_record
SF:lib\presentation\widgets\tv_series_season_expandable list.dart
DA:15,1
DA:17,1
DA:19,1
DA:21,1
DA:26,1
DA:28,1
DA:29,2
DA:30,1
DA:31,1
DA:32,6
DA:36,1
DA:38,1
DA:39,1
DA:40,1
DA:44,1
DA:45,0
DA:46,1
DA:47,1
DA:48,1
DA:49,1
DA:51,1
DA:52,1
DA:55,1
DA:56,1
DA:57,1
DA:65,1
DA:67,1
DA:69,1
DA:70,1
DA:71,1
DA:82,1
DA:83,1
DA:84,1
DA:85,2
DA:87,2
DA:94,1
DA:95,1
DA:96,3
DA:97,1
DA:98,1
DA:99,1
DA:100,1
DA:101,1
DA:111,0
DA:123,1
DA:128,1
DA:130,1
DA:132,1
DA:133,1
DA:135,1
DA:136,1
DA:139,1
DA:140,1
DA:141,1
DA:148,1
DA:150,1
DA:152,1
DA:153,1
DA:154,1
DA:165,1
DA:166,1
DA:167,3
DA:168,1
DA:175,1
DA:176,1
DA:177,1
DA:178,1
LF:67
LH:65
end_of_record
