SF:lib\data\datasources\movie_local_data_source.dart
DA:14,1
DA:17,1
DA:19,3
DA:22,2
DA:27,1
DA:29,3
DA:32,2
DA:37,1
DA:38,3
DA:40,1
DA:47,1
DA:48,3
DA:49,4
LF:13
LH:13
end_of_record
SF:lib\domain\entities\movie.dart
DA:5,6
DA:21,1
DA:42,6
DA:43,6
DA:44,6
DA:45,6
DA:46,6
DA:47,6
DA:48,6
DA:49,6
DA:50,6
DA:51,6
DA:52,6
DA:53,6
DA:54,6
DA:55,6
DA:56,6
LF:17
LH:17
end_of_record
SF:lib\domain\entities\movie_detail.dart
DA:5,4
DA:33,2
DA:34,2
DA:35,2
DA:36,2
DA:37,2
DA:38,2
DA:39,2
DA:40,2
DA:41,2
DA:42,2
DA:43,2
DA:44,2
DA:45,2
LF:14
LH:14
end_of_record
SF:lib\data\models\movie_detail_model.dart
DA:7,2
DA:53,1
DA:54,1
DA:55,1
DA:56,1
DA:57,1
DA:58,1
DA:59,4
DA:60,1
DA:61,1
DA:62,1
DA:63,1
DA:64,1
DA:65,1
DA:66,2
DA:67,1
DA:68,1
DA:69,1
DA:70,1
DA:71,1
DA:72,1
DA:73,1
DA:74,1
DA:75,2
DA:76,1
DA:79,0
DA:80,0
DA:81,0
DA:82,0
DA:83,0
DA:84,0
DA:85,0
DA:86,0
DA:87,0
DA:88,0
DA:89,0
DA:90,0
DA:91,0
DA:92,0
DA:93,0
DA:94,0
DA:95,0
DA:96,0
DA:97,0
DA:98,0
DA:99,0
DA:100,0
DA:103,1
DA:104,1
DA:105,1
DA:106,1
DA:107,5
DA:108,1
DA:109,1
DA:110,1
DA:111,1
DA:112,1
DA:113,1
DA:114,1
DA:115,1
DA:116,1
DA:120,1
DA:121,1
DA:122,1
DA:123,1
DA:124,1
DA:125,1
DA:126,1
DA:127,1
DA:128,1
DA:129,1
DA:130,1
DA:131,1
DA:132,1
DA:133,1
DA:134,1
DA:135,1
DA:136,1
DA:137,1
DA:138,1
DA:139,1
DA:140,1
DA:141,1
DA:142,1
LF:84
LH:62
end_of_record
SF:lib\data\datasources\movie_remote_data_source.dart
DA:30,1
DA:33,1
DA:35,5
DA:37,2
DA:38,4
DA:40,1
DA:45,1
DA:47,5
DA:49,2
DA:50,3
DA:52,1
DA:57,1
DA:58,2
DA:59,3
DA:61,2
DA:62,4
DA:64,1
DA:69,1
DA:71,5
DA:73,2
DA:74,4
DA:76,1
DA:81,1
DA:83,5
DA:85,2
DA:86,4
DA:88,1
DA:93,1
DA:94,2
DA:95,3
DA:97,2
DA:98,4
DA:100,1
LF:33
LH:33
end_of_record
SF:lib\data\datasources\db\database_helper.dart
DA:8,0
DA:12,0
DA:16,0
DA:17,0
DA:23,0
DA:24,0
DA:25,0
DA:27,0
DA:30,0
DA:31,0
DA:36,0
DA:37,0
DA:44,0
DA:47,0
DA:48,0
DA:49,0
DA:52,0
DA:53,0
DA:54,0
DA:57,0
DA:61,0
DA:62,0
DA:63,0
DA:66,0
DA:69,0
DA:70,0
DA:76,0
DA:77,0
DA:78,0
LF:29
LH:0
end_of_record
SF:lib\data\models\movie_table.dart
DA:12,2
DA:19,2
DA:20,1
DA:21,1
DA:22,1
DA:23,1
DA:26,2
DA:27,1
DA:28,1
DA:29,1
DA:30,1
DA:33,0
DA:34,0
DA:35,0
DA:36,0
DA:37,0
DA:40,2
DA:41,1
DA:42,1
DA:43,1
DA:44,1
DA:47,2
DA:48,10
LF:23
LH:18
end_of_record
SF:lib\data\models\movie_model.dart
DA:6,4
DA:36,4
DA:37,2
DA:38,2
DA:39,8
DA:40,2
DA:41,2
DA:42,2
DA:43,4
DA:44,2
DA:45,2
DA:46,2
DA:47,2
DA:48,4
DA:49,2
DA:52,2
DA:53,1
DA:54,1
DA:55,4
DA:56,1
DA:57,1
DA:58,1
DA:59,1
DA:60,1
DA:61,1
DA:62,1
DA:63,1
DA:64,1
DA:65,1
DA:68,2
DA:69,2
DA:70,2
DA:71,2
DA:72,2
DA:73,2
DA:74,2
DA:75,2
DA:76,2
DA:77,2
DA:78,2
DA:79,2
DA:80,2
DA:81,2
DA:82,2
DA:86,2
DA:87,2
DA:88,2
DA:89,2
DA:90,2
DA:91,2
DA:92,2
DA:93,2
DA:94,2
DA:95,2
DA:96,2
DA:97,2
DA:98,2
DA:99,2
DA:100,2
LF:59
LH:59
end_of_record
SF:lib\data\models\movie_response.dart
DA:8,2
DA:10,4
DA:11,4
DA:12,6
DA:13,6
DA:16,2
DA:17,5
DA:20,1
DA:21,2
LF:9
LH:9
end_of_record
SF:lib\data\repositories\movie_repository_impl.dart
DA:11,1
DA:17,1
DA:19,3
DA:20,5
DA:21,1
DA:22,2
DA:23,1
DA:24,2
DA:29,1
DA:31,3
DA:32,2
DA:33,1
DA:34,2
DA:35,1
DA:36,2
DA:41,1
DA:43,3
DA:44,3
DA:45,1
DA:46,2
DA:47,1
DA:48,2
DA:53,1
DA:55,3
DA:56,5
DA:57,1
DA:58,2
DA:59,1
DA:60,2
DA:65,1
DA:67,3
DA:68,5
DA:69,1
DA:70,2
DA:71,1
DA:72,2
DA:77,1
DA:79,3
DA:80,5
DA:81,1
DA:82,2
DA:83,1
DA:84,2
DA:89,1
DA:92,4
DA:93,1
DA:94,1
DA:95,3
DA:102,1
DA:105,4
DA:106,1
DA:107,1
DA:108,3
DA:113,1
DA:114,3
DA:119,1
DA:120,3
DA:121,5
LF:58
LH:58
end_of_record
SF:lib\domain\usecases\get_movie_detail.dart
DA:9,1
DA:11,1
DA:12,2
LF:3
LH:3
end_of_record
SF:lib\domain\usecases\get_movie_recommendations.dart
DA:9,1
DA:11,1
DA:12,2
LF:3
LH:3
end_of_record
SF:lib\domain\usecases\get_now_playing_movies.dart
DA:10,1
DA:12,1
DA:13,2
LF:3
LH:3
end_of_record
SF:lib\domain\usecases\get_popular_movies.dart
DA:10,1
DA:12,1
DA:13,2
LF:3
LH:3
end_of_record
SF:lib\domain\usecases\get_top_rated_movies.dart
DA:10,1
DA:12,1
DA:13,2
LF:3
LH:3
end_of_record
SF:lib\presentation\pages\home_movie_page.dart
DA:16,2
DA:18,1
DA:19,1
DA:23,1
DA:25,1
DA:26,2
DA:27,1
DA:28,1
DA:29,2
DA:30,1
DA:31,1
DA:32,2
DA:33,1
DA:34,1
DA:35,2
DA:39,1
DA:41,1
DA:42,1
DA:43,1
DA:44,1
DA:52,1
DA:55,0
DA:56,0
DA:59,1
DA:62,0
DA:63,0
DA:66,1
DA:69,0
DA:70,0
DA:73,1
DA:74,0
DA:75,0
DA:83,1
DA:85,1
DA:86,1
DA:87,0
DA:91,0
DA:97,1
DA:99,1
DA:100,1
DA:102,1
DA:103,1
DA:105,0
DA:108,1
DA:109,1
DA:110,1
DA:114,1
DA:115,2
DA:120,1
DA:122,0
DA:123,0
DA:125,1
DA:126,1
DA:127,1
DA:131,1
DA:132,2
DA:137,1
DA:139,0
DA:140,0
DA:142,1
DA:143,1
DA:144,1
DA:148,1
DA:149,2
DA:161,1
DA:162,1
DA:164,1
DA:165,1
DA:167,1
DA:169,1
DA:171,1
DA:173,1
DA:186,2
DA:188,1
DA:190,1
DA:192,1
DA:194,0
DA:195,0
DA:196,0
DA:198,0
DA:199,0
DA:200,0
DA:203,0
DA:206,0
DA:208,0
DA:209,0
DA:210,0
DA:213,0
DA:219,2
LF:89
LH:62
end_of_record
SF:lib\presentation\pages\movie_detail_page.dart
DA:17,2
DA:19,1
DA:20,1
DA:24,1
DA:26,1
DA:27,2
DA:28,6
DA:29,1
DA:30,1
DA:31,4
DA:32,1
DA:33,1
DA:34,4
DA:38,1
DA:40,1
DA:41,1
DA:42,1
DA:43,1
DA:47,1
DA:48,1
DA:49,1
DA:50,1
DA:52,0
DA:53,0
DA:55,0
DA:58,0
DA:69,2
DA:71,1
DA:73,3
DA:74,1
DA:75,1
DA:76,1
DA:77,3
DA:79,1
DA:82,0
DA:84,1
DA:86,1
DA:87,1
DA:88,1
DA:98,1
DA:99,1
DA:100,1
DA:102,1
DA:104,1
DA:106,1
DA:107,1
DA:108,2
DA:109,1
DA:111,1
DA:113,1
DA:114,1
DA:115,1
DA:116,1
DA:117,1
DA:119,1
DA:120,3
DA:123,1
DA:124,3
DA:128,1
DA:129,1
DA:130,1
DA:134,1
DA:135,1
DA:137,1
DA:138,1
DA:139,2
DA:141,0
DA:143,0
DA:144,0
DA:145,0
DA:150,1
DA:152,1
DA:153,1
DA:154,1
DA:157,0
DA:164,1
DA:165,3
DA:167,1
DA:168,3
DA:170,1
DA:171,1
DA:172,1
DA:173,3
DA:175,1
DA:181,4
DA:185,1
DA:187,1
DA:189,1
DA:190,2
DA:193,1
DA:195,1
DA:197,1
DA:199,1
DA:200,1
DA:204,1
DA:205,0
DA:206,1
DA:207,1
DA:209,1
DA:211,0
DA:212,0
DA:213,0
DA:215,0
DA:216,0
DA:217,0
DA:220,0
DA:223,0
DA:228,0
DA:230,0
DA:231,0
DA:237,0
DA:244,2
DA:248,0
DA:256,1
DA:258,1
DA:273,1
DA:275,1
DA:278,1
DA:280,0
DA:281,0
DA:290,1
DA:292,2
DA:293,3
DA:296,1
DA:300,3
DA:303,1
DA:304,1
DA:305,1
DA:307,1
DA:308,1
DA:310,0
LF:131
LH:104
end_of_record
SF:lib\presentation\pages\now_playing_movies_page.dart
DA:10,2
DA:12,1
DA:13,1
DA:17,1
DA:19,1
DA:20,2
DA:21,4
DA:24,1
DA:26,1
DA:27,1
DA:30,1
DA:32,1
DA:33,1
DA:34,1
DA:38,1
DA:39,1
DA:40,0
DA:41,0
DA:42,0
DA:44,2
DA:46,1
DA:47,1
DA:49,2
DA:52,0
LF:24
LH:20
end_of_record
SF:lib\presentation\pages\popular_movies_page.dart
DA:10,2
DA:12,1
DA:13,1
DA:17,1
DA:19,1
DA:20,1
DA:21,5
DA:24,1
DA:26,1
DA:27,1
DA:30,1
DA:32,1
DA:33,1
DA:34,1
DA:38,1
DA:39,1
DA:40,0
DA:41,0
DA:42,0
DA:44,2
DA:46,1
DA:47,1
DA:49,2
DA:52,0
LF:24
LH:20
end_of_record
SF:lib\presentation\pages\top_rated_movies_page.dart
DA:11,2
DA:13,1
DA:14,1
DA:18,1
DA:20,1
DA:21,1
DA:22,5
DA:25,1
DA:27,1
DA:28,1
DA:31,1
DA:33,1
DA:34,1
DA:35,1
DA:39,1
DA:40,1
DA:41,0
DA:42,0
DA:43,0
DA:45,2
DA:47,1
DA:48,1
DA:50,2
DA:53,0
LF:24
LH:20
end_of_record
SF:lib\presentation\widgets\movie_card_list.dart
DA:9,0
DA:11,0
DA:13,0
DA:15,0
DA:16,0
DA:17,0
DA:20,0
DA:23,0
DA:25,0
DA:26,0
DA:27,0
DA:33,0
DA:35,0
DA:36,0
DA:37,0
DA:40,0
DA:43,0
DA:44,0
DA:52,0
DA:57,0
DA:58,0
DA:59,0
DA:61,0
DA:64,0
LF:24
LH:0
end_of_record
SF:lib\presentation\bloc\detail\movie_detail_state.dart
DA:4,2
DA:6,1
DA:7,1
DA:17,2
DA:19,1
DA:20,2
DA:26,1
DA:28,1
DA:29,2
LF:9
LH:9
end_of_record
SF:lib\presentation\bloc\detail\movie_detail_event.dart
DA:4,2
DA:6,0
DA:7,0
DA:13,2
DA:15,0
DA:16,0
LF:6
LH:2
end_of_record
SF:lib\presentation\bloc\detail\movie_detail_bloc.dart
DA:12,3
DA:13,2
DA:14,2
DA:16,4
DA:18,1
DA:19,2
DA:20,2
DA:22,2
DA:23,1
LF:9
LH:9
end_of_record
SF:lib\presentation\bloc\now_playing\now_playing_movies_state.dart
DA:4,3
DA:6,1
DA:7,1
DA:17,3
DA:19,1
DA:20,2
DA:26,3
DA:28,1
DA:29,2
LF:9
LH:9
end_of_record
SF:lib\presentation\bloc\now_playing\now_playing_movies_event.dart
DA:4,3
DA:6,0
DA:7,0
LF:3
LH:1
end_of_record
SF:lib\presentation\bloc\now_playing\now_playing_movies_bloc.dart
DA:13,3
DA:14,2
DA:15,2
DA:17,3
DA:19,1
DA:20,4
DA:21,2
DA:22,1
LF:8
LH:8
end_of_record
SF:lib\presentation\bloc\popular\popular_movies_state.dart
DA:4,3
DA:6,1
DA:7,1
DA:17,3
DA:19,1
DA:20,2
DA:26,3
DA:28,1
DA:29,2
LF:9
LH:9
end_of_record
SF:lib\presentation\bloc\popular\popular_movies_bloc.dart
DA:12,3
DA:13,2
DA:14,2
DA:16,3
DA:18,1
DA:19,4
DA:20,2
DA:21,1
LF:8
LH:8
end_of_record
SF:lib\presentation\bloc\popular\popular_movies_event.dart
DA:4,3
DA:6,0
DA:7,0
LF:3
LH:1
end_of_record
SF:lib\presentation\bloc\recommendations\movie_recommendations_bloc.dart
DA:12,1
DA:13,2
DA:14,2
DA:15,2
DA:17,4
DA:19,1
DA:20,4
DA:21,2
DA:22,1
LF:9
LH:9
end_of_record
SF:lib\presentation\bloc\recommendations\movie_recommendations_state.dart
DA:4,2
DA:6,1
DA:7,1
DA:17,2
DA:19,1
DA:20,2
DA:26,1
DA:28,1
DA:29,2
LF:9
LH:9
end_of_record
SF:lib\presentation\bloc\recommendations\movie_recommendations_event.dart
DA:4,2
DA:6,0
DA:7,0
DA:13,2
DA:15,0
DA:16,0
LF:6
LH:2
end_of_record
SF:lib\presentation\bloc\top_rated\top_rated_movies_bloc.dart
DA:13,3
DA:14,2
DA:15,2
DA:17,3
DA:19,1
DA:20,4
DA:21,2
DA:22,1
LF:8
LH:8
end_of_record
SF:lib\presentation\bloc\top_rated\top_rated_movies_state.dart
DA:4,3
DA:6,1
DA:7,1
DA:17,3
DA:19,1
DA:20,2
DA:26,3
DA:28,1
DA:29,2
LF:9
LH:9
end_of_record
SF:lib\presentation\bloc\top_rated\top_rated_movies_event.dart
DA:4,3
DA:6,0
DA:7,0
LF:3
LH:1
end_of_record
